2025-03-04 12:16:06,780 - INFO: [CONNECTION MADE]
2025-03-04 12:16:06,780 - INFO: [SEND SUB] 1 [b'device/events']
2025-03-04 12:16:06,781 - INFO: [SUBACK] 1 (0,)
2025-03-04 12:17:03,958 - ERROR: Invalid Message: {"device_id": 1001, "sensor_type": "humidity", "sensor_value": 74.6, "timestamp": "2025-03-04T12:17:03.958063"} | Error : Invalid data type for key : device_id 
2025-03-04 12:17:03,958 - ERROR:  Error: Validation failed
2025-03-04 12:24:09,117 - INFO: [CONNECTION MADE]
2025-03-04 12:24:09,117 - INFO: [CONN CLOSE NORMALLY]
2025-03-04 12:24:09,118 - WARNING: [TRYING WRITE TO CLOSED SOCKET]
2025-03-04 12:24:09,118 - INFO: [SEND SUB] 1 [b'device/events']
2025-03-04 12:24:09,119 - INFO: [SUBACK] 1 (0,)
2025-03-04 12:24:15,124 - INFO: [CONNECTION MADE]
2025-03-04 12:24:15,125 - INFO: [CONN CLOSE NORMALLY]
2025-03-04 12:24:15,125 - INFO: [SEND SUB] 3 [b'device/events']
2025-03-04 12:24:15,125 - INFO: [SUBACK] 3 (0,)
2025-03-04 12:24:15,125 - WARNING: [TRYING WRITE TO CLOSED SOCKET]
2025-03-04 12:24:20,881 - WARNING: [TRYING WRITE TO CLOSED SOCKET]
2025-03-04 12:24:20,886 - ERROR: Task was destroyed but it is pending!
task: <Task pending name='Task-6' coro=<Client.reconnect() running at /home/nimesh/cloud/IoT-Event-Processing-System/my_env/lib/python3.10/site-packages/gmqtt/client.py:264> wait_for=<Future pending cb=[Task.task_wakeup()]> cb=[MqttPackageHandler._handle_exception_in_future()]>
2025-03-04 12:24:41,410 - INFO: [CONNECTION MADE]
2025-03-04 12:24:41,411 - INFO: [CONN CLOSE NORMALLY]
2025-03-04 12:24:41,412 - WARNING: [TRYING WRITE TO CLOSED SOCKET]
2025-03-04 12:24:41,412 - INFO: [SEND SUB] 1 [b'device/events']
2025-03-04 12:24:41,412 - INFO: [SUBACK] 1 (0,)
2025-03-04 12:24:47,418 - INFO: [CONNECTION MADE]
2025-03-04 12:24:47,418 - INFO: [CONN CLOSE NORMALLY]
2025-03-04 12:24:47,418 - WARNING: [TRYING WRITE TO CLOSED SOCKET]
2025-03-04 12:24:47,419 - INFO: [SEND SUB] 4 [b'device/events']
2025-03-04 12:24:47,420 - INFO: [SUBACK] 4 (0,)
2025-03-04 12:24:53,426 - INFO: [CONNECTION MADE]
2025-03-04 12:24:53,427 - INFO: [CONN CLOSE NORMALLY]
2025-03-04 12:24:53,427 - WARNING: [TRYING WRITE TO CLOSED SOCKET]
2025-03-04 12:24:53,428 - INFO: [SEND SUB] 3 [b'device/events']
2025-03-04 12:24:53,428 - INFO: [SUBACK] 3 (0,)
2025-03-04 12:24:59,435 - INFO: [CONNECTION MADE]
2025-03-04 12:24:59,436 - INFO: [SEND SUB] 5 [b'device/events']
2025-03-04 12:24:59,436 - INFO: [CONN CLOSE NORMALLY]
2025-03-04 12:24:59,437 - WARNING: [TRYING WRITE TO CLOSED SOCKET]
2025-03-04 12:24:59,437 - INFO: [SUBACK] 5 (0,)
2025-03-04 12:25:05,439 - INFO: [CONNECTION MADE]
2025-03-04 12:25:05,440 - INFO: [CONN CLOSE NORMALLY]
2025-03-04 12:25:05,441 - WARNING: [TRYING WRITE TO CLOSED SOCKET]
2025-03-04 12:25:05,442 - INFO: [SEND SUB] 4 [b'device/events']
2025-03-04 12:25:05,442 - INFO: [SUBACK] 4 (0,)
2025-03-04 12:25:50,214 - ERROR: Invalid Message: {"device_id": "1002", "sensor_type": "temperature", "sensor_value": "27.6", "timestamp": "2025-03-04T12:25:50.213670"} | Error : Invalid data type for key : sensor_value 
2025-03-04 12:25:50,214 - ERROR:  Error: Validation failed
2025-03-04 12:27:16,742 - INFO: [CONN CLOSE NORMALLY]
2025-03-04 12:27:21,044 - INFO: [CONNECTION MADE]
2025-03-04 12:27:21,048 - INFO: [SEND SUB] 1 [b'device/events']
2025-03-04 12:27:21,048 - INFO: [SUBACK] 1 (0,)
2025-03-04 12:28:22,376 - ERROR:  Error: attempt to write a readonly database
2025-03-04 12:28:43,795 - ERROR:  Error: attempt to write a readonly database
2025-03-04 12:28:50,282 - INFO: [CONN CLOSE NORMALLY]
2025-03-04 12:28:54,330 - INFO: [CONNECTION MADE]
2025-03-04 12:28:54,331 - INFO: [SEND SUB] 1 [b'device/events']
2025-03-04 12:28:54,331 - INFO: [SUBACK] 1 (0,)
2025-03-04 12:35:39,184 - INFO: [CONN CLOSE NORMALLY]
